<?xml version="1.0" encoding="UTF-8"?>
<!-- Generated by org.testng.reporters.JUnitReportReporter -->
<testsuite hostname="Chitra" failures="0" tests="2" name="practice.Tests.ErrorValidations" time="8.712" errors="0" timestamp="2025-05-10T17:38:22 IST" skipped="0">
  <testcase classname="practice.Tests.ErrorValidations" name="productErrorValidation" time="4.179"/>
  <testcase classname="practice.Tests.ErrorValidations" name="errorValidation" time="4.533"/>
</testsuite> <!-- practice.Tests.ErrorValidations -->
