<?xml version="1.0" encoding="UTF-8"?>
<!-- Generated by org.testng.reporters.JUnitReportReporter -->
<testsuite hostname="Chitra" failures="0" tests="2" name="practice.Tests.SubmitOrderTest" time="35.606" errors="0" timestamp="2025-05-10T18:06:53 IST" skipped="0">
  <testcase classname="practice.Tests.SubmitOrderTest" name="submitOrder" time="17.307"/>
  <testcase classname="practice.Tests.SubmitOrderTest" name="submitOrder" time="18.299"/>
</testsuite> <!-- practice.Tests.SubmitOrderTest -->
