<?xml version="1.0" encoding="UTF-8"?>
<!-- Generated by org.testng.reporters.JUnitReportReporter -->
<testsuite hostname="Chitra" failures="0" tests="4" name="practice.Tests.SubmitOrderTest" time="68.154" errors="0" timestamp="2025-05-10T18:22:11 IST" skipped="0">
  <testcase classname="practice.Tests.SubmitOrderTest" name="submitOrder" time="23.499"/>
  <testcase classname="practice.Tests.SubmitOrderTest" name="OrderHistoryTest" time="10.928"/>
  <testcase classname="practice.Tests.SubmitOrderTest" name="OrderHistoryTest" time="10.459"/>
  <testcase classname="practice.Tests.SubmitOrderTest" name="submitOrder" time="23.268"/>
</testsuite> <!-- practice.Tests.SubmitOrderTest -->
