<?xml version="1.0" encoding="UTF-8"?>
<!-- Generated by org.testng.reporters.JUnitReportReporter -->
<testsuite hostname="Chitra" failures="0" tests="4" name="practice.Tests.SubmitOrderTest" time="50.251" errors="0" timestamp="2025-05-12T11:30:54 IST" skipped="0">
  <testcase classname="practice.Tests.SubmitOrderTest" name="OrderHistoryTest" time="9.461"/>
  <testcase classname="practice.Tests.SubmitOrderTest" name="submitOrder" time="17.756"/>
  <testcase classname="practice.Tests.SubmitOrderTest" name="OrderHistoryTest" time="4.071"/>
  <testcase classname="practice.Tests.SubmitOrderTest" name="submitOrder" time="18.963"/>
</testsuite> <!-- practice.Tests.SubmitOrderTest -->
