<?xml version="1.0" encoding="UTF-8"?>
<!-- Generated by org.testng.reporters.JUnitReportReporter -->
<testsuite hostname="Chitra" failures="0" tests="2" name="practice.Tests.ErrorValidations" time="7.598" errors="0" timestamp="2025-05-12T11:30:54 IST" skipped="0">
  <testcase classname="practice.Tests.ErrorValidations" name="errorValidation" time="3.913"/>
  <testcase classname="practice.Tests.ErrorValidations" name="productErrorValidation" time="3.685"/>
</testsuite> <!-- practice.Tests.ErrorValidations -->
