<?xml version="1.0" encoding="UTF-8"?>
<!-- Generated by org.testng.reporters.JUnitReportReporter -->
<testsuite hostname="Chitra" failures="0" tests="2" name="practice.Tests.ErrorValidations" time="20.594" errors="0" timestamp="2025-05-10T18:22:11 IST" skipped="0">
  <testcase classname="practice.Tests.ErrorValidations" name="errorValidation" time="10.113"/>
  <testcase classname="practice.Tests.ErrorValidations" name="productErrorValidation" time="10.481"/>
</testsuite> <!-- practice.Tests.ErrorValidations -->
